<?xml version="1.0" encoding="UTF-8"?>
<!-- Generated by org.testng.reporters.JUnitXMLReporter -->
<testsuite hostname="DESKTOP-PBR703L" ignored="7" name="Default test(failed)" tests="1" failures="1" timestamp="11 Jul 2020 17:22:00 GMT" time="0.047" errors="0">
  <testcase name="signIn" time="0.011" classname="tests.TestNGConcepts">
    <failure type="java.lang.AssertionError" message="expected [college] but found [school]">
      <![CDATA[java.lang.AssertionError: expected [college] but found [school]
at tests.TestNGConcepts.signIn(TestNGConcepts.java:39)
... Removed 31 stack frames]]>
    </failure>
  </testcase> <!-- signIn -->
  <testcase name="checkTitle" time="0.0" classname="tests.TestNGConcepts">
    <ignored/>
  </testcase> <!-- checkTitle -->
  <testcase name="homePage" time="0.0" classname="tests.TestNGConcepts">
    <ignored/>
  </testcase> <!-- homePage -->
  <testcase name="dashborad" time="0.0" classname="tests.TestNGConcepts">
    <ignored/>
  </testcase> <!-- dashborad -->
  <testcase name="signOut" time="0.0" classname="tests.TestNGConcepts">
    <ignored/>
  </testcase> <!-- signOut -->
  <testcase name="homePageLogout" time="0.0" classname="tests.TestNGConcepts">
    <ignored/>
  </testcase> <!-- homePageLogout -->
  <testcase name="customerPage" time="0.0" classname="tests.TestNGConcepts">
    <ignored/>
  </testcase> <!-- customerPage -->
  <testcase name="logout" time="0.0" classname="tests.TestNGConcepts">
    <ignored/>
  </testcase> <!-- logout -->
</testsuite> <!-- Default test(failed) -->
